0 info it worked if it ends with ok
1 verbose cli [ '/usr/bin/nodejs', '/usr/bin/npm', 'install' ]
2 info using npm@2.14.20
3 info using node@v4.4.0
4 verbose readDependencies loading dependencies from /home/harry/my_projects/pipelineDeploy_demo_dockerRoadShow/dv/package.json
5 error install Couldn't read dependencies
6 verbose stack Error: Failed to parse json
6 verbose stack Trailing comma in object at 32:3
6 verbose stack   }
6 verbose stack   ^
6 verbose stack     at parseError (/usr/lib/node_modules/npm/node_modules/read-package-json/read-json.js:379:11)
6 verbose stack     at parseJson (/usr/lib/node_modules/npm/node_modules/read-package-json/read-json.js:68:23)
6 verbose stack     at /usr/lib/node_modules/npm/node_modules/read-package-json/read-json.js:48:5
6 verbose stack     at /usr/lib/node_modules/npm/node_modules/graceful-fs/graceful-fs.js:78:16
6 verbose stack     at FSReqWrap.readFileAfterClose [as oncomplete] (fs.js:380:3)
7 verbose cwd /home/harry/my_projects/pipelineDeploy_demo_dockerRoadShow/dv
8 error Linux 3.19.0-32-generic
9 error argv "/usr/bin/nodejs" "/usr/bin/npm" "install"
10 error node v4.4.0
11 error npm  v2.14.20
12 error file /home/harry/my_projects/pipelineDeploy_demo_dockerRoadShow/dv/package.json
13 error code EJSONPARSE
14 error Failed to parse json
14 error Trailing comma in object at 32:3
14 error   }
14 error   ^
15 error File: /home/harry/my_projects/pipelineDeploy_demo_dockerRoadShow/dv/package.json
16 error Failed to parse package.json data.
16 error package.json must be actual JSON, not just JavaScript.
16 error
16 error This is not a bug in npm.
16 error Tell the package author to fix their package.json file. JSON.parse
17 verbose exit [ 1, true ]
